<?xml version="1.0" encoding="UTF-8"?>
<!-- Generated by org.testng.reporters.JUnitReportReporter -->
<testsuite skipped="0" hostname="DESKTOP-1RKHFVN" name="com.training.sanity.tests.UniformAdminViewOrderUNF_045" tests="1" failures="0" timestamp="2019-10-30T17:38:50 IST" time="24.978" errors="0">
  <testcase name="productFilter" time="24.978" classname="com.training.sanity.tests.UniformAdminViewOrderUNF_045"/>
</testsuite> <!-- com.training.sanity.tests.UniformAdminViewOrderUNF_045 -->
