<?xml version="1.0" encoding="UTF-8"?>
<!-- Generated by org.testng.reporters.JUnitReportReporter -->
<testsuite skipped="0" hostname="DESKTOP-1RKHFVN" name="com.training.sanity.tests.UniformAdminOrderFilterUNF_015" tests="1" failures="0" timestamp="2019-10-24T10:04:34 IST" time="24.550" errors="0">
  <testcase name="productFilter" time="24.550" classname="com.training.sanity.tests.UniformAdminOrderFilterUNF_015"/>
</testsuite> <!-- com.training.sanity.tests.UniformAdminOrderFilterUNF_015 -->
