<?xml version="1.0" encoding="UTF-8"?>
<!-- Generated by org.testng.reporters.JUnitReportReporter -->
<testsuite skipped="0" hostname="DESKTOP-1RKHFVN" name="com.training.sanity.tests.UniformAdminProductFilterUNF_013" tests="1" failures="0" timestamp="2019-10-24T10:18:40 IST" time="20.968" errors="0">
  <testcase name="productFilter" time="20.968" classname="com.training.sanity.tests.UniformAdminProductFilterUNF_013"/>
</testsuite> <!-- com.training.sanity.tests.UniformAdminProductFilterUNF_013 -->
