<?xml version="1.0" encoding="UTF-8"?>
<!-- Generated by org.testng.reporters.JUnitReportReporter -->
<testsuite skipped="0" hostname="DESKTOP-1RKHFVN" name="com.training.sanity.tests.UniformAdminDeletemultipleProductUNF_44" tests="1" failures="0" timestamp="2019-10-30T15:20:53 IST" time="22.180" errors="0">
  <testcase name="productEdit" time="22.180" classname="com.training.sanity.tests.UniformAdminDeletemultipleProductUNF_44"/>
</testsuite> <!-- com.training.sanity.tests.UniformAdminDeletemultipleProductUNF_44 -->
