<?xml version="1.0" encoding="UTF-8"?>
<!-- Generated by org.testng.reporters.JUnitReportReporter -->
<testsuite skipped="0" hostname="DESKTOP-1RKHFVN" name="com.training.sanity.tests.UniformAdminFilterUNF_013" tests="1" failures="0" timestamp="2019-10-23T11:05:06 IST" time="21.887" errors="0">
  <testcase name="validLoginTest" time="21.887" classname="com.training.sanity.tests.UniformAdminFilterUNF_013"/>
</testsuite> <!-- com.training.sanity.tests.UniformAdminFilterUNF_013 -->
