<?xml version="1.0" encoding="UTF-8"?>
<!-- Generated by org.testng.reporters.JUnitReportReporter -->
<testsuite skipped="0" hostname="DESKTOP-1RKHFVN" name="com.training.sanity.tests.UniformAdminEditQuantityUNF_043" tests="1" failures="0" timestamp="2019-10-30T13:31:57 IST" time="24.692" errors="0">
  <testcase name="productEdit" time="24.692" classname="com.training.sanity.tests.UniformAdminEditQuantityUNF_043"/>
</testsuite> <!-- com.training.sanity.tests.UniformAdminEditQuantityUNF_043 -->
